# JRE version: OpenJDK Runtime Environment Temurin-17.0.3+7 (17.0.3+7) (build 17.0.3+7)
# Java VM: OpenJDK 64-Bit Server VM Temurin-17.0.3+7 (17.0.3+7, mixed mode, sharing, tiered, compressed oops, compressed class ptrs, g1 gc, windows-amd64)
GC Precious Log:
 CPUs: 8 total, 8 available
 Memory: 15773M
 Large Page Support: Disabled
 NUMA Support: Disabled
 Compressed Oops: Enabled (Zero based)
 Heap Region Size: 2M
 Heap Min Capacity: 512M
 Heap Initial Capacity: 512M
 Heap Max Capacity: 4072M
 Pre-touch: Disabled
 Parallel Workers: 8
 Concurrent Workers: 2
 Concurrent Refinement Workers: 8
 Periodic GC: Disabled
 String Deduplication is enabled
Heap:
 garbage-first heap   total 524288K, used 236338K [0x0000000701800000, 0x0000000800000000)
  region size 2048K, 4 young (8192K), 1 survivors (2048K)
 Metaspace       used 114169K, committed 114752K, reserved 1146880K
  class space    used 17247K, committed 17536K, reserved 1048576K
GC Heap History (20 events):
Event: 7132.217 GC heap before
{Heap before GC invocations=398 (full 16):
 garbage-first heap   total 524288K, used 363311K [0x0000000701800000, 0x0000000800000000)
  region size 2048K, 40 young (81920K), 2 survivors (4096K)
 Metaspace       used 113977K, committed 114624K, reserved 1146880K
  class space    used 17232K, committed 17536K, reserved 1048576K
}
Event: 7132.220 GC heap after
{Heap after GC invocations=399 (full 16):
 garbage-first heap   total 524288K, used 286106K [0x0000000701800000, 0x0000000800000000)
  region size 2048K, 2 young (4096K), 2 survivors (4096K)
 Metaspace       used 113977K, committed 114624K, reserved 1146880K
  class space    used 17232K, committed 17536K, reserved 1048576K
}
Event: 7149.276 GC heap before
{Heap before GC invocations=399 (full 16):
 garbage-first heap   total 524288K, used 331162K [0x0000000701800000, 0x0000000800000000)
  region size 2048K, 25 young (51200K), 2 survivors (4096K)
 Metaspace       used 113979K, committed 114624K, reserved 1146880K
  class space    used 17232K, committed 17536K, reserved 1048576K
}
Event: 7149.413 GC heap after
{Heap after GC invocations=400 (full 17):
 garbage-first heap   total 524288K, used 244631K [0x0000000701800000, 0x0000000800000000)
  region size 2048K, 0 young (0K), 0 survivors (0K)
 Metaspace       used 113979K, committed 114624K, reserved 1146880K
  class space    used 17232K, committed 17536K, reserved 1048576K
}
Event: 7162.980 GC heap before
{Heap before GC invocations=400 (full 17):
 garbage-first heap   total 524288K, used 326551K [0x0000000701800000, 0x0000000800000000)
  region size 2048K, 40 young (81920K), 0 survivors (0K)
 Metaspace       used 114047K, committed 114688K, reserved 1146880K
  class space    used 17245K, committed 17536K, reserved 1048576K
}
Event: 7162.983 GC heap after
{Heap after GC invocations=401 (full 17):
 garbage-first heap   total 524288K, used 246945K [0x0000000701800000, 0x0000000800000000)
  region size 2048K, 2 young (4096K), 2 survivors (4096K)
 Metaspace       used 114047K, committed 114688K, reserved 1146880K
  class space    used 17245K, committed 17536K, reserved 1048576K
}
Event: 7166.173 GC heap before
{Heap before GC invocations=401 (full 17):
 garbage-first heap   total 524288K, used 324769K [0x0000000701800000, 0x0000000800000000)
  region size 2048K, 40 young (81920K), 2 survivors (4096K)
 Metaspace       used 114112K, committed 114752K, reserved 1146880K
  class space    used 17246K, committed 17536K, reserved 1048576K
}
Event: 7166.177 GC heap after
{Heap after GC invocations=402 (full 17):
 garbage-first heap   total 524288K, used 248363K [0x0000000701800000, 0x0000000800000000)
  region size 2048K, 2 young (4096K), 2 survivors (4096K)
 Metaspace       used 114112K, committed 114752K, reserved 1146880K
  class space    used 17246K, committed 17536K, reserved 1048576K
}
Event: 7167.205 GC heap before
{Heap before GC invocations=402 (full 17):
 garbage-first heap   total 524288K, used 326187K [0x0000000701800000, 0x0000000800000000)
  region size 2048K, 40 young (81920K), 2 survivors (4096K)
 Metaspace       used 114137K, committed 114752K, reserved 1146880K
  class space    used 17246K, committed 17536K, reserved 1048576K
}
Event: 7167.209 GC heap after
{Heap after GC invocations=403 (full 17):
 garbage-first heap   total 524288K, used 249533K [0x0000000701800000, 0x0000000800000000)
  region size 2048K, 3 young (6144K), 3 survivors (6144K)
 Metaspace       used 114137K, committed 114752K, reserved 1146880K
  class space    used 17246K, committed 17536K, reserved 1048576K
}
Event: 7167.649 GC heap before
{Heap before GC invocations=403 (full 17):
 garbage-first heap   total 524288K, used 325309K [0x0000000701800000, 0x0000000800000000)
  region size 2048K, 40 young (81920K), 3 survivors (6144K)
 Metaspace       used 114137K, committed 114752K, reserved 1146880K
  class space    used 17246K, committed 17536K, reserved 1048576K
}
Event: 7167.653 GC heap after
{Heap after GC invocations=404 (full 17):
 garbage-first heap   total 524288K, used 249663K [0x0000000701800000, 0x0000000800000000)
  region size 2048K, 3 young (6144K), 3 survivors (6144K)
 Metaspace       used 114137K, committed 114752K, reserved 1146880K
  class space    used 17246K, committed 17536K, reserved 1048576K
}
Event: 7169.102 GC heap before
{Heap before GC invocations=404 (full 17):
 garbage-first heap   total 524288K, used 325439K [0x0000000701800000, 0x0000000800000000)
  region size 2048K, 40 young (81920K), 3 survivors (6144K)
 Metaspace       used 114153K, committed 114752K, reserved 1146880K
  class space    used 17246K, committed 17536K, reserved 1048576K
}
Event: 7169.105 GC heap after
{Heap after GC invocations=405 (full 17):
 garbage-first heap   total 524288K, used 249874K [0x0000000701800000, 0x0000000800000000)
  region size 2048K, 3 young (6144K), 3 survivors (6144K)
 Metaspace       used 114153K, committed 114752K, reserved 1146880K
  class space    used 17246K, committed 17536K, reserved 1048576K
}
Event: 7179.360 GC heap before
{Heap before GC invocations=405 (full 17):
 garbage-first heap   total 524288K, used 272402K [0x0000000701800000, 0x0000000800000000)
  region size 2048K, 15 young (30720K), 3 survivors (6144K)
 Metaspace       used 114165K, committed 114752K, reserved 1146880K
  class space    used 17247K, committed 17536K, reserved 1048576K
}
Event: 7179.480 GC heap after
{Heap after GC invocations=406 (full 18):
 garbage-first heap   total 524288K, used 231411K [0x0000000701800000, 0x0000000800000000)
  region size 2048K, 0 young (0K), 0 survivors (0K)
 Metaspace       used 114165K, committed 114752K, reserved 1146880K
  class space    used 17247K, committed 17536K, reserved 1048576K
}
Event: 7183.785 GC heap before
{Heap before GC invocations=406 (full 18):
 garbage-first heap   total 524288K, used 313331K [0x0000000701800000, 0x0000000800000000)
  region size 2048K, 40 young (81920K), 0 survivors (0K)
 Metaspace       used 114169K, committed 114752K, reserved 1146880K
  class space    used 17247K, committed 17536K, reserved 1048576K
}
Event: 7183.787 GC heap after
{Heap after GC invocations=407 (full 18):
 garbage-first heap   total 524288K, used 232432K [0x0000000701800000, 0x0000000800000000)
  region size 2048K, 1 young (2048K), 1 survivors (2048K)
 Metaspace       used 114169K, committed 114752K, reserved 1146880K
  class space    used 17247K, committed 17536K, reserved 1048576K
}
Event: 7189.505 GC heap before
{Heap before GC invocations=407 (full 18):
 garbage-first heap   total 524288K, used 312304K [0x0000000701800000, 0x0000000800000000)
  region size 2048K, 40 young (81920K), 1 survivors (2048K)
 Metaspace       used 114169K, committed 114752K, reserved 1146880K
  class space    used 17247K, committed 17536K, reserved 1048576K
}
Event: 7189.506 GC heap after
{Heap after GC invocations=408 (full 18):
 garbage-first heap   total 524288K, used 232242K [0x0000000701800000, 0x0000000800000000)
  region size 2048K, 1 young (2048K), 1 survivors (2048K)
 Metaspace       used 114169K, committed 114752K, reserved 1146880K
  class space    used 17247K, committed 17536K, reserved 1048576K
}

