# JRE version: OpenJDK Runtime Environment Temurin-17.0.3+7 (17.0.3+7) (build 17.0.3+7)
# Java VM: OpenJDK 64-Bit Server VM Temurin-17.0.3+7 (17.0.3+7, mixed mode, sharing, tiered, compressed oops, compressed class ptrs, g1 gc, windows-amd64)
GC Precious Log:
 CPUs: 8 total, 8 available
 Memory: 15773M
 Large Page Support: Disabled
 NUMA Support: Disabled
 Compressed Oops: Enabled (Zero based)
 Heap Region Size: 2M
 Heap Min Capacity: 512M
 Heap Initial Capacity: 512M
 Heap Max Capacity: 4072M
 Pre-touch: Disabled
 Parallel Workers: 8
 Concurrent Workers: 2
 Concurrent Refinement Workers: 8
 Periodic GC: Disabled
 String Deduplication is enabled
Heap:
 garbage-first heap   total 524288K, used 267711K [0x0000000701800000, 0x0000000800000000)
  region size 2048K, 14 young (28672K), 3 survivors (6144K)
 Metaspace       used 137417K, committed 137984K, reserved 1171456K
  class space    used 20787K, committed 21056K, reserved 1048576K
GC Heap History (20 events):
Event: 8473.515 GC heap before
{Heap before GC invocations=645 (full 30):
 garbage-first heap   total 524288K, used 314263K [0x0000000701800000, 0x0000000800000000)
  region size 2048K, 40 young (81920K), 3 survivors (6144K)
 Metaspace       used 137386K, committed 137920K, reserved 1171456K
  class space    used 20787K, committed 21056K, reserved 1048576K
}
Event: 8473.518 GC heap after
{Heap after GC invocations=646 (full 30):
 garbage-first heap   total 524288K, used 237311K [0x0000000701800000, 0x0000000800000000)
  region size 2048K, 2 young (4096K), 2 survivors (4096K)
 Metaspace       used 137386K, committed 137920K, reserved 1171456K
  class space    used 20787K, committed 21056K, reserved 1048576K
}
Event: 8488.038 GC heap before
{Heap before GC invocations=646 (full 30):
 garbage-first heap   total 524288K, used 315135K [0x0000000701800000, 0x0000000800000000)
  region size 2048K, 40 young (81920K), 2 survivors (4096K)
 Metaspace       used 137387K, committed 137984K, reserved 1171456K
  class space    used 20787K, committed 21056K, reserved 1048576K
}
Event: 8488.040 GC heap after
{Heap after GC invocations=647 (full 30):
 garbage-first heap   total 524288K, used 237401K [0x0000000701800000, 0x0000000800000000)
  region size 2048K, 2 young (4096K), 2 survivors (4096K)
 Metaspace       used 137387K, committed 137984K, reserved 1171456K
  class space    used 20787K, committed 21056K, reserved 1048576K
}
Event: 8495.224 GC heap before
{Heap before GC invocations=647 (full 30):
 garbage-first heap   total 524288K, used 315225K [0x0000000701800000, 0x0000000800000000)
  region size 2048K, 40 young (81920K), 2 survivors (4096K)
 Metaspace       used 137387K, committed 137984K, reserved 1171456K
  class space    used 20787K, committed 21056K, reserved 1048576K
}
Event: 8495.228 GC heap after
{Heap after GC invocations=648 (full 30):
 garbage-first heap   total 524288K, used 237512K [0x0000000701800000, 0x0000000800000000)
  region size 2048K, 2 young (4096K), 2 survivors (4096K)
 Metaspace       used 137387K, committed 137984K, reserved 1171456K
  class space    used 20787K, committed 21056K, reserved 1048576K
}
Event: 8509.679 GC heap before
{Heap before GC invocations=648 (full 30):
 garbage-first heap   total 524288K, used 315336K [0x0000000701800000, 0x0000000800000000)
  region size 2048K, 40 young (81920K), 2 survivors (4096K)
 Metaspace       used 137389K, committed 137984K, reserved 1171456K
  class space    used 20787K, committed 21056K, reserved 1048576K
}
Event: 8509.684 GC heap after
{Heap after GC invocations=649 (full 30):
 garbage-first heap   total 524288K, used 237183K [0x0000000701800000, 0x0000000800000000)
  region size 2048K, 2 young (4096K), 2 survivors (4096K)
 Metaspace       used 137389K, committed 137984K, reserved 1171456K
  class space    used 20787K, committed 21056K, reserved 1048576K
}
Event: 8514.759 GC heap before
{Heap before GC invocations=649 (full 30):
 garbage-first heap   total 524288K, used 315007K [0x0000000701800000, 0x0000000800000000)
  region size 2048K, 40 young (81920K), 2 survivors (4096K)
 Metaspace       used 137390K, committed 137984K, reserved 1171456K
  class space    used 20787K, committed 21056K, reserved 1048576K
}
Event: 8514.763 GC heap after
{Heap after GC invocations=650 (full 30):
 garbage-first heap   total 524288K, used 237425K [0x0000000701800000, 0x0000000800000000)
  region size 2048K, 2 young (4096K), 2 survivors (4096K)
 Metaspace       used 137390K, committed 137984K, reserved 1171456K
  class space    used 20787K, committed 21056K, reserved 1048576K
}
Event: 8520.675 GC heap before
{Heap before GC invocations=650 (full 30):
 garbage-first heap   total 524288K, used 315249K [0x0000000701800000, 0x0000000800000000)
  region size 2048K, 40 young (81920K), 2 survivors (4096K)
 Metaspace       used 137390K, committed 137984K, reserved 1171456K
  class space    used 20787K, committed 21056K, reserved 1048576K
}
Event: 8520.678 GC heap after
{Heap after GC invocations=651 (full 30):
 garbage-first heap   total 524288K, used 237516K [0x0000000701800000, 0x0000000800000000)
  region size 2048K, 2 young (4096K), 2 survivors (4096K)
 Metaspace       used 137390K, committed 137984K, reserved 1171456K
  class space    used 20787K, committed 21056K, reserved 1048576K
}
Event: 8521.336 GC heap before
{Heap before GC invocations=651 (full 30):
 garbage-first heap   total 524288K, used 315340K [0x0000000701800000, 0x0000000800000000)
  region size 2048K, 40 young (81920K), 2 survivors (4096K)
 Metaspace       used 137390K, committed 137984K, reserved 1171456K
  class space    used 20787K, committed 21056K, reserved 1048576K
}
Event: 8521.339 GC heap after
{Heap after GC invocations=652 (full 30):
 garbage-first heap   total 524288K, used 237278K [0x0000000701800000, 0x0000000800000000)
  region size 2048K, 2 young (4096K), 2 survivors (4096K)
 Metaspace       used 137390K, committed 137984K, reserved 1171456K
  class space    used 20787K, committed 21056K, reserved 1048576K
}
Event: 8526.051 GC heap before
{Heap before GC invocations=652 (full 30):
 garbage-first heap   total 524288K, used 335582K [0x0000000701800000, 0x0000000800000000)
  region size 2048K, 40 young (81920K), 2 survivors (4096K)
 Metaspace       used 137406K, committed 137984K, reserved 1171456K
  class space    used 20787K, committed 21056K, reserved 1048576K
}
Event: 8526.055 GC heap after
{Heap after GC invocations=653 (full 30):
 garbage-first heap   total 524288K, used 260966K [0x0000000701800000, 0x0000000800000000)
  region size 2048K, 3 young (6144K), 3 survivors (6144K)
 Metaspace       used 137406K, committed 137984K, reserved 1171456K
  class space    used 20787K, committed 21056K, reserved 1048576K
}
Event: 8529.245 GC heap before
{Heap before GC invocations=653 (full 30):
 garbage-first heap   total 524288K, used 336742K [0x0000000701800000, 0x0000000800000000)
  region size 2048K, 40 young (81920K), 3 survivors (6144K)
 Metaspace       used 137407K, committed 137984K, reserved 1171456K
  class space    used 20787K, committed 21056K, reserved 1048576K
}
Event: 8529.249 GC heap after
{Heap after GC invocations=654 (full 30):
 garbage-first heap   total 524288K, used 246796K [0x0000000701800000, 0x0000000800000000)
  region size 2048K, 3 young (6144K), 3 survivors (6144K)
 Metaspace       used 137407K, committed 137984K, reserved 1171456K
  class space    used 20787K, committed 21056K, reserved 1048576K
}
Event: 8529.298 GC heap before
{Heap before GC invocations=654 (full 30):
 garbage-first heap   total 524288K, used 322572K [0x0000000701800000, 0x0000000800000000)
  region size 2048K, 40 young (81920K), 3 survivors (6144K)
 Metaspace       used 137407K, committed 137984K, reserved 1171456K
  class space    used 20787K, committed 21056K, reserved 1048576K
}
Event: 8529.302 GC heap after
{Heap after GC invocations=655 (full 30):
 garbage-first heap   total 524288K, used 247231K [0x0000000701800000, 0x0000000800000000)
  region size 2048K, 3 young (6144K), 3 survivors (6144K)
 Metaspace       used 137407K, committed 137984K, reserved 1171456K
  class space    used 20787K, committed 21056K, reserved 1048576K
}

